#
# A fatal error has been detected by the Java Runtime Environment:
#
#  EXCEPTION_ACCESS_VIOLATION (0xc0000005) at pc=0x00007ffbdfb300aa, pid=11640, tid=17628
#
# JRE version: Java(TM) SE Runtime Environment (18.0.1+10) (build 18.0.1+10-24)
# Java VM: Java HotSpot(TM) 64-Bit Server VM (18.0.1+10-24, mixed mode, sharing, tiered, compressed oops, compressed class ptrs, g1 gc, windows-amd64)
# Problematic frame:
# V  [jvm.dll+0x7600aa]
#
# No core dump will be written. Minidumps are not enabled by default on client versions of Windows
#
# If you would like to submit a bug report, please visit:
#   https://bugreport.java.com/bugreport/crash.jsp
#

---------------  S U M M A R Y ------------

Command Line: -XX:+ShowCodeDetailsInExceptionMessages -agentlib:jdwp=transport=dt_socket,suspend=y,address=localhost:53657 -javaagent:C:\Users\filip\eclipse\jee-2022-03\eclipse\configuration\org.eclipse.osgi\422\0\.cp\lib\javaagent-shaded.jar -Dfile.encoding=UTF-8 br.com.entra21.modelo2022.principal.Main

Host: AMD Ryzen 5 3600 6-Core Processor              , 12 cores, 15G,  Windows 10 , 64 bit Build 19041 (10.0.19041.1741)
Time: Sat Jun 18 23:01:10 2022 Hora oficial do Brasil elapsed time: 55.706728 seconds (0d 0h 0m 55s)

---------------  T H R E A D  ---------------

Current thread (0x000001b30827c1a0):  JavaThread "JDWP Transport Listener: dt_socket" daemon [_thread_in_vm, id=17628, stack(0x00000062ca300000,0x00000062ca400000)]

Stack: [0x00000062ca300000,0x00000062ca400000],  sp=0x00000062ca3ff160,  free space=1020k
Native frames: (J=compiled Java code, j=interpreted, Vv=VM code, C=native code)
V  [jvm.dll+0x7600aa]
V  [jvm.dll+0x52bfcc]
V  [jvm.dll+0x4f37db]
C  [jdwp.dll+0x23087]


siginfo: EXCEPTION_ACCESS_VIOLATION (0xc0000005), reading address 0x0000000000e200c7


Register to memory mapping:

RIP=0x00007ffbdfb300aa jvm.dll
RAX=0x00000000000000e1 is an unknown value
RBX=0x000001b37f52714b points into unknown readable memory: 30 66 3b 00 6d
RCX=0x0000000000e200c3 is an unknown value
RDX=0x000001b308233160 points into unknown readable memory: 0x2f6d6f632f72624c | 4c 62 72 2f 63 6f 6d 2f
RSP=0x00000062ca3ff160 is pointing into the stack for thread: 0x000001b30827c1a0
RBP=0x000001b30829b910 points into unknown readable memory: 0x0000000000000002 | 02 00 00 00 00 00 00 00
RSI=0x0 is NULL
RDI=0xffffffffffffffff is an unknown value
R8 =0x0000000000000014 is an unknown value
R9 =0x0000000000000029 is an unknown value
R10=0x0 is NULL
R11=0x00000062ca3ff180 is pointing into the stack for thread: 0x000001b30827c1a0
R12=0x00000062ca3ff2b8 is pointing into the stack for thread: 0x000001b30827c1a0
R13=0x0 is NULL
R14=0x0000000800c09d40 is a pointer to class: 
br.com.entra21.modelo2022.principal.menu.entrar.cadastro.crud.MedicoCRUD {0x0000000800c09d48}
 - instance size:     4
 - klass size:        92
 - access:            public synchronized 
 - state:             fully_initialized
 - name:              'br/com/entra21/modelo2022/principal/menu/entrar/cadastro/crud/MedicoCRUD'
 - super:             'br/com/entra21/modelo2022/principal/Menu'
 - sub:               
 - arrays:            NULL
 - methods:           Array<T>(0x000001b304453328)
 - method ordering:   Array<T>(0x000001b304454260)
 - default_methods:   Array<T>(0x0000000000000000)
 - local interfaces:  Array<T>(0x000001b304450a08)
 - trans. interfaces: Array<T>(0x000001b304450a08)
 - constants:         constant pool [303] {0x000001b304455610} for 'br/com/entra21/modelo2022/principal/menu/entrar/cadastro/crud/MedicoCRUD' cache=0x000001b304456040
 - class loader data:  loader data: 0x000001b37f4f16c0 for instance a 'jdk/internal/loader/ClassLoaders$AppClassLoader'{0x0000000710e66380}
 - source file:       'MedicoCRUD.java'
 - source debug extension:       SMAP
MedicoCRUD.java
Java
*S jdt
*F
1 MedicoCRUD.java
2 file:/C:/Users/filip/OneDrive/%c3%81rea%20de%20Trabalho/PROWAY/ProjetoAula/CrudConsoleJava/bin/
*L
*E

 - class annotations:       Array<T>(0x0000000000000000)
 - class type annotations:  Array<T>(0x0000000000000000)
 - field annotations:       Array<T>(0x0000000000000000)
 - field type annotations:  Array<T>(0x0000000000000000)
 - previous version:  constant pool [298] {0x000001b304450008} for 'br/com/entra21/modelo2022/principal/menu/entrar/cadastro/crud/MedicoCRUD' (extra) cache=0x000001b304452038
 - generic signature: '
[error occurred during error reporting (printing register info), id 0xc0000005, EXCEPTION_ACCESS_VIOLATION (0xc0000005) at pc=0x00007ffbdfb30cb6]

Registers:
RAX=0x00000000000000e1, RBX=0x000001b37f52714b, RCX=0x0000000000e200c3, RDX=0x000001b308233160
RSP=0x00000062ca3ff160, RBP=0x000001b30829b910, RSI=0x0000000000000000, RDI=0xffffffffffffffff
R8 =0x0000000000000014, R9 =0x0000000000000029, R10=0x0000000000000000, R11=0x00000062ca3ff180
R12=0x00000062ca3ff2b8, R13=0x0000000000000000, R14=0x0000000800c09d40, R15=0x00000062ca3ff308
RIP=0x00007ffbdfb300aa, EFLAGS=0x0000000000010206

Top of Stack: (sp=0x00000062ca3ff160)
0x00000062ca3ff160:   0000000000000048 0000000800c09d40
0x00000062ca3ff170:   000001b30827c1a0 0000000000000000
0x00000062ca3ff180:   ffffffffffffffff 00007ffbdf8fbfcc
0x00000062ca3ff190:   000001b37f52714b 000001b30829b910
0x00000062ca3ff1a0:   0000000000000000 000001b30827c430
0x00000062ca3ff1b0:   000001b37f5270a0 00000000000003d8
0x00000062ca3ff1c0:   000001b37f5270b0 000001b37f527488
0x00000062ca3ff1d0:   0000000000000002 00000062ca3ff2b8
0x00000062ca3ff1e0:   0000000000000000 0000000000000000
0x00000062ca3ff1f0:   0000000710692f48 00007ffbdf8c37db
0x00000062ca3ff200:   000001b30827c1a0 00000062ca3ff308
0x00000062ca3ff210:   000001b35e2b56e0 00000062ca3ff308
0x00000062ca3ff220:   000001b30827c1a0 0000000000000000
0x00000062ca3ff230:   000001b300000000 0000000000000000
0x00000062ca3ff240:   000000000000000d 00007ffc1fe33087
0x00000062ca3ff250:   00000062ca3ff300 00007ffc1fe41718 

Instructions: (pc=0x00007ffbdfb300aa)
0x00007ffbdfb2ffaa:   48 8b f8 48 85 db 74 08 48 8b cb e8 86 b0 f0 ff
0x00007ffbdfb2ffba:   48 8b 5c 24 30 48 8b c7 48 83 c4 20 5f c3 8d 42
0x00007ffbdfb2ffca:   06 83 ff 02 b9 08 00 00 00 0f 4e c1 45 33 c0 48
0x00007ffbdfb2ffda:   63 c8 48 83 c1 07 83 e1 f8 48 63 c9 41 8d 50 0b
0x00007ffbdfb2ffea:   48 83 c4 20 5f e9 3c 31 95 ff cc cc cc cc cc cc
0x00007ffbdfb2fffa:   cc cc cc cc cc cc 83 fa 02 8d 42 06 b9 08 00 00
0x00007ffbdfb3000a:   00 4d 8b c8 0f 4e c1 48 63 c8 49 8b 40 18 48 83
0x00007ffbdfb3001a:   c1 07 83 e1 f8 48 63 d1 49 8b 48 20 48 2b c8 48
0x00007ffbdfb3002a:   3b ca 72 09 48 8d 0c 10 49 89 48 18 c3 45 33 c0
0x00007ffbdfb3003a:   49 8b c9 e9 1e 8f 95 ff cc cc cc cc cc cc cc cc
0x00007ffbdfb3004a:   cc cc cc cc cc cc 4c 8b d2 4c 8b d9 45 85 c0 7e
0x00007ffbdfb3005a:   3c 44 0f b7 49 04 41 8d 40 ff 41 3b c1 44 0f 4c
0x00007ffbdfb3006a:   c8 4d 63 c1 45 85 c9 7e 1f 48 8b c2 4c 2b da 49
0x00007ffbdfb3007a:   8b d0 0f 1f 40 00 41 0f b6 4c 03 06 88 08 48 8d
0x00007ffbdfb3008a:   40 01 48 83 ea 01 75 ee 43 c6 04 10 00 49 8b c2
0x00007ffbdfb3009a:   c3 cc cc cc cc cc 48 89 5c 24 08 57 48 83 ec 20
0x00007ffbdfb300aa:   0f b7 59 04 48 8b f9 33 d2 48 8d 4b 01 e8 b4 d6
0x00007ffbdfb300ba:   f8 ff 0f b7 57 04 4c 8b c0 3b da 0f 42 d3 44 8b
0x00007ffbdfb300ca:   ca 85 d2 74 39 48 2b f8 0f 1f 40 00 66 66 0f 1f
0x00007ffbdfb300da:   84 00 00 00 00 00 0f b6 4c 07 06 88 08 48 ff c0
0x00007ffbdfb300ea:   48 8b c8 49 2b c8 49 3b c9 7c eb 42 c6 04 02 00
0x00007ffbdfb300fa:   49 8b c0 48 8b 5c 24 30 48 83 c4 20 5f c3 48 8b
0x00007ffbdfb3010a:   5c 24 30 c6 04 02 00 48 83 c4 20 5f c3 cc cc cc
0x00007ffbdfb3011a:   cc cc cc cc cc cc 4c 8b d1 45 85 c0 7e 6c 44 0f
0x00007ffbdfb3012a:   b7 49 04 41 8d 40 ff 41 3b c1 44 0f 4c c8 4d 63
0x00007ffbdfb3013a:   d9 45 85 c9 7e 22 48 8b ca 4c 2b d2 4d 8b c3 0f
0x00007ffbdfb3014a:   1f 80 00 00 00 00 41 0f b6 44 0a 06 88 01 48 8d
0x00007ffbdfb3015a:   49 01 49 83 e8 01 75 ee 41 c6 04 13 00 48 c7 c0
0x00007ffbdfb3016a:   ff ff ff ff 66 90 48 ff c0 80 3c 02 00 75 f7 48
0x00007ffbdfb3017a:   63 c8 85 c0 48 8b c2 7e 14 80 38 2f 75 03 c6 00
0x00007ffbdfb3018a:   2e 48 ff c0 48 83 e9 01 75 ef 48 8b c2 c3 cc cc
0x00007ffbdfb3019a:   cc cc cc cc cc cc 48 83 ec 28 e8 f7 fe ff ff 4c 


Stack slot to memory mapping:
stack at sp + 0 slots: 0x0000000000000048 is an unknown value
stack at sp + 1 slots: 0x0000000800c09d40 is a pointer to class: 
br.com.entra21.modelo2022.principal.menu.entrar.cadastro.crud.MedicoCRUD {0x0000000800c09d48}
 - instance size:     4
 - klass size:        92
 - access:            public synchronized 
 - state:             fully_initialized
 - name:              'br/com/entra21/modelo2022/principal/menu/entrar/cadastro/crud/MedicoCRUD'
 - super:             'br/com/entra21/modelo2022/principal/Menu'
 - sub:               
 - arrays:            NULL
 - methods:           Array<T>(0x000001b304453328)
 - method ordering:   Array<T>(0x000001b304454260)
 - default_methods:   Array<T>(0x0000000000000000)
 - local interfaces:  Array<T>(0x000001b304450a08)
 - trans. interfaces: Array<T>(0x000001b304450a08)
 - constants:         constant pool [303] {0x000001b304455610} for 'br/com/entra21/modelo2022/principal/menu/entrar/cadastro/crud/MedicoCRUD' cache=0x000001b304456040
 - class loader data:  loader data: 0x000001b37f4f16c0 for instance a 'jdk/internal/loader/ClassLoaders$AppClassLoader'{0x0000000710e66380}
 - source file:       'MedicoCRUD.java'
 - source debug extension:       SMAP
MedicoCRUD.java
Java
*S jdt
*F
1 MedicoCRUD.java
2 file:/C:/Users/filip/OneDrive/%c3%81rea%20de%20Trabalho/PROWAY/ProjetoAula/CrudConsoleJava/bin/
*L
*E

 - class annotations:       Array<T>(0x0000000000000000)
 - class type annotations:  Array<T>(0x0000000000000000)
 - field annotations:       Array<T>(0x0000000000000000)
 - field type annotations:  Array<T>(0x0000000000000000)
 - previous version:  constant pool [298] {0x000001b304450008} for 'br/com/entra21/modelo2022/principal/menu/entrar/cadastro/crud/MedicoCRUD' (extra) cache=0x000001b304452038
 - generic signature: '
[error occurred during error reporting (inspecting top of stack), id 0xc0000005, EXCEPTION_ACCESS_VIOLATION (0xc0000005) at pc=0x00007ffbdfb30cb6]


---------------  P R O C E S S  ---------------

Threads class SMR info:
_java_thread_list=0x000001b308418370, length=15, elements={
0x000001b35e2c9e50, 0x000001b37f4e7580, 0x000001b37f4ea710, 0x000001b37f506510,
0x000001b37f506dc0, 0x000001b37f507670, 0x000001b37f508060, 0x000001b37f508c40,
0x000001b37f514960, 0x000001b37f526b80, 0x000001b37f4d24a0, 0x000001b30827c1a0,
0x000001b30839b4d0, 0x000001b308271ec0, 0x000001b308474ff0
}

Java Threads: ( => current thread )
  0x000001b35e2c9e50 JavaThread "main" [_thread_blocked, id=18100, stack(0x00000062c9200000,0x00000062c9300000)]
  0x000001b37f4e7580 JavaThread "Reference Handler" daemon [_thread_blocked, id=12468, stack(0x00000062c9900000,0x00000062c9a00000)]
  0x000001b37f4ea710 JavaThread "Finalizer" daemon [_thread_blocked, id=2824, stack(0x00000062c9a00000,0x00000062c9b00000)]
  0x000001b37f506510 JavaThread "Signal Dispatcher" daemon [_thread_blocked, id=13128, stack(0x00000062c9b00000,0x00000062c9c00000)]
  0x000001b37f506dc0 JavaThread "Attach Listener" daemon [_thread_blocked, id=16276, stack(0x00000062c9c00000,0x00000062c9d00000)]
  0x000001b37f507670 JavaThread "Service Thread" daemon [_thread_blocked, id=16640, stack(0x00000062c9d00000,0x00000062c9e00000)]
  0x000001b37f508060 JavaThread "Monitor Deflation Thread" daemon [_thread_blocked, id=5876, stack(0x00000062c9e00000,0x00000062c9f00000)]
  0x000001b37f508c40 JavaThread "C2 CompilerThread0" daemon [_thread_blocked, id=18028, stack(0x00000062c9f00000,0x00000062ca000000)]
  0x000001b37f514960 JavaThread "C1 CompilerThread0" daemon [_thread_blocked, id=11772, stack(0x00000062ca000000,0x00000062ca100000)]
  0x000001b37f526b80 JavaThread "Sweeper thread" daemon [_thread_blocked, id=18168, stack(0x00000062ca100000,0x00000062ca200000)]
  0x000001b37f4d24a0 JavaThread "Common-Cleaner" daemon [_thread_blocked, id=17012, stack(0x00000062ca200000,0x00000062ca300000)]
=>0x000001b30827c1a0 JavaThread "JDWP Transport Listener: dt_socket" daemon [_thread_in_vm, id=17628, stack(0x00000062ca300000,0x00000062ca400000)]
  0x000001b30839b4d0 JavaThread "JDWP Event Helper Thread" daemon [_thread_blocked, id=9924, stack(0x00000062ca400000,0x00000062ca500000)]
  0x000001b308271ec0 JavaThread "JDWP Command Reader" daemon [_thread_in_native, id=15576, stack(0x00000062ca500000,0x00000062ca600000)]
  0x000001b308474ff0 JavaThread "Notification Thread" daemon [_thread_blocked, id=17332, stack(0x00000062ca700000,0x00000062ca800000)]

Other Threads:
  0x000001b37f4e1060 VMThread "VM Thread" [stack: 0x00000062c9800000,0x00000062c9900000] [id=5380]
  0x000001b3084754b0 WatcherThread "VM Periodic Task Thread" [stack: 0x00000062ca800000,0x00000062ca900000] [id=4800]
  0x000001b35e3377f0 WorkerThread "GC Thread#0" [stack: 0x00000062c9300000,0x00000062c9400000] [id=6668]
  0x000001b35e25be30 ConcurrentGCThread "G1 Main Marker" [stack: 0x00000062c9400000,0x00000062c9500000] [id=13144]
  0x000001b35e25c630 WorkerThread "G1 Conc#0" [stack: 0x00000062c9500000,0x00000062c9600000] [id=15540]
  0x000001b35e38e750 ConcurrentGCThread "G1 Refine#0" [stack: 0x00000062c9600000,0x00000062c9700000] [id=9896]
  0x000001b37f39f0f0 ConcurrentGCThread "G1 Service" [stack: 0x00000062c9700000,0x00000062c9800000] [id=11956]

Threads with active compile tasks:

VM state: not at safepoint (normal execution)

VM Mutex/Monitor currently owned by a thread: None

Heap address: 0x0000000701000000, size: 4080 MB, Compressed Oops mode: Zero based, Oop shift amount: 3

CDS archive(s) mapped at: [0x0000000800000000-0x0000000800ba0000-0x0000000800ba0000), size 12189696, SharedBaseAddress: 0x0000000800000000, ArchiveRelocationMode: 0.
Compressed class space mapped at: 0x0000000800c00000-0x0000000840c00000, reserved size: 1073741824
Narrow klass base: 0x0000000800000000, Narrow klass shift: 0, Narrow klass range: 0x100000000

GC Precious Log:
 CardTable entry size: 512
 Card Set container configuration: InlinePtr #cards 4 size 8 Array Of Cards #cards 16 size 48 Howl #buckets 8 coarsen threshold 3686 Howl Bitmap #cards 512 size 80 coarsen threshold 460 Card regions per heap region 1 cards per card region 4096
 CPUs: 12 total, 12 available
 Memory: 16315M
 Large Page Support: Disabled
 NUMA Support: Disabled
 Compressed Oops: Enabled (Zero based)
 Heap Region Size: 2M
 Heap Min Capacity: 8M
 Heap Initial Capacity: 256M
 Heap Max Capacity: 4080M
 Pre-touch: Disabled
 Parallel Workers: 10
 Concurrent Workers: 3
 Concurrent Refinement Workers: 10
 Periodic GC: Disabled

Heap:
 garbage-first heap   total 262144K, used 8192K [0x0000000701000000, 0x0000000800000000)
  region size 2048K, 5 young (10240K), 0 survivors (0K)
 Metaspace       used 3114K, committed 3264K, reserved 1114112K
  class space    used 280K, committed 320K, reserved 1048576K

Heap Regions: E=young(eden), S=young(survivor), O=old, HS=humongous(starts), HC=humongous(continues), CS=collection set, F=free, OA=open archive, CA=closed archive, TAMS=top-at-mark-start (previous, next)
|   0|0x0000000701000000, 0x0000000701000000, 0x0000000701200000|  0%| F|  |TAMS 0x0000000701000000, 0x0000000701000000| Untracked 
|   1|0x0000000701200000, 0x0000000701200000, 0x0000000701400000|  0%| F|  |TAMS 0x0000000701200000, 0x0000000701200000| Untracked 
|   2|0x0000000701400000, 0x0000000701400000, 0x0000000701600000|  0%| F|  |TAMS 0x0000000701400000, 0x0000000701400000| Untracked 
|   3|0x0000000701600000, 0x0000000701600000, 0x0000000701800000|  0%| F|  |TAMS 0x0000000701600000, 0x0000000701600000| Untracked 
|   4|0x0000000701800000, 0x0000000701800000, 0x0000000701a00000|  0%| F|  |TAMS 0x0000000701800000, 0x0000000701800000| Untracked 
|   5|0x0000000701a00000, 0x0000000701a00000, 0x0000000701c00000|  0%| F|  |TAMS 0x0000000701a00000, 0x0000000701a00000| Untracked 
|   6|0x0000000701c00000, 0x0000000701c00000, 0x0000000701e00000|  0%| F|  |TAMS 0x0000000701c00000, 0x0000000701c00000| Untracked 
|   7|0x0000000701e00000, 0x0000000701e00000, 0x0000000702000000|  0%| F|  |TAMS 0x0000000701e00000, 0x0000000701e00000| Untracked 
|   8|0x0000000702000000, 0x0000000702000000, 0x0000000702200000|  0%| F|  |TAMS 0x0000000702000000, 0x0000000702000000| Untracked 
|   9|0x0000000702200000, 0x0000000702200000, 0x0000000702400000|  0%| F|  |TAMS 0x0000000702200000, 0x0000000702200000| Untracked 
|  10|0x0000000702400000, 0x0000000702400000, 0x0000000702600000|  0%| F|  |TAMS 0x0000000702400000, 0x0000000702400000| Untracked 
|  11|0x0000000702600000, 0x0000000702600000, 0x0000000702800000|  0%| F|  |TAMS 0x0000000702600000, 0x0000000702600000| Untracked 
|  12|0x0000000702800000, 0x0000000702800000, 0x0000000702a00000|  0%| F|  |TAMS 0x0000000702800000, 0x0000000702800000| Untracked 
|  13|0x0000000702a00000, 0x0000000702a00000, 0x0000000702c00000|  0%| F|  |TAMS 0x0000000702a00000, 0x0000000702a00000| Untracked 
|  14|0x0000000702c00000, 0x0000000702c00000, 0x0000000702e00000|  0%| F|  |TAMS 0x0000000702c00000, 0x0000000702c00000| Untracked 
|  15|0x0000000702e00000, 0x0000000702e00000, 0x0000000703000000|  0%| F|  |TAMS 0x0000000702e00000, 0x0000000702e00000| Untracked 
|  16|0x0000000703000000, 0x0000000703000000, 0x0000000703200000|  0%| F|  |TAMS 0x0000000703000000, 0x0000000703000000| Untracked 
|  17|0x0000000703200000, 0x0000000703200000, 0x0000000703400000|  0%| F|  |TAMS 0x0000000703200000, 0x0000000703200000| Untracked 
|  18|0x0000000703400000, 0x0000000703400000, 0x0000000703600000|  0%| F|  |TAMS 0x0000000703400000, 0x0000000703400000| Untracked 
|  19|0x0000000703600000, 0x0000000703600000, 0x0000000703800000|  0%| F|  |TAMS 0x0000000703600000, 0x0000000703600000| Untracked 
|  20|0x0000000703800000, 0x0000000703800000, 0x0000000703a00000|  0%| F|  |TAMS 0x0000000703800000, 0x0000000703800000| Untracked 
|  21|0x0000000703a00000, 0x0000000703a00000, 0x0000000703c00000|  0%| F|  |TAMS 0x0000000703a00000, 0x0000000703a00000| Untracked 
|  22|0x0000000703c00000, 0x0000000703c00000, 0x0000000703e00000|  0%| F|  |TAMS 0x0000000703c00000, 0x0000000703c00000| Untracked 
|  23|0x0000000703e00000, 0x0000000703e00000, 0x0000000704000000|  0%| F|  |TAMS 0x0000000703e00000, 0x0000000703e00000| Untracked 
|  24|0x0000000704000000, 0x0000000704000000, 0x0000000704200000|  0%| F|  |TAMS 0x0000000704000000, 0x0000000704000000| Untracked 
|  25|0x0000000704200000, 0x0000000704200000, 0x0000000704400000|  0%| F|  |TAMS 0x0000000704200000, 0x0000000704200000| Untracked 
|  26|0x0000000704400000, 0x0000000704400000, 0x0000000704600000|  0%| F|  |TAMS 0x0000000704400000, 0x0000000704400000| Untracked 
|  27|0x0000000704600000, 0x0000000704600000, 0x0000000704800000|  0%| F|  |TAMS 0x0000000704600000, 0x0000000704600000| Untracked 
|  28|0x0000000704800000, 0x0000000704800000, 0x0000000704a00000|  0%| F|  |TAMS 0x0000000704800000, 0x0000000704800000| Untracked 
|  29|0x0000000704a00000, 0x0000000704a00000, 0x0000000704c00000|  0%| F|  |TAMS 0x0000000704a00000, 0x0000000704a00000| Untracked 
|  30|0x0000000704c00000, 0x0000000704c00000, 0x0000000704e00000|  0%| F|  |TAMS 0x0000000704c00000, 0x0000000704c00000| Untracked 
|  31|0x0000000704e00000, 0x0000000704e00000, 0x0000000705000000|  0%| F|  |TAMS 0x0000000704e00000, 0x0000000704e00000| Untracked 
|  32|0x0000000705000000, 0x0000000705000000, 0x0000000705200000|  0%| F|  |TAMS 0x0000000705000000, 0x0000000705000000| Untracked 
|  33|0x0000000705200000, 0x0000000705200000, 0x0000000705400000|  0%| F|  |TAMS 0x0000000705200000, 0x0000000705200000| Untracked 
|  34|0x0000000705400000, 0x0000000705400000, 0x0000000705600000|  0%| F|  |TAMS 0x0000000705400000, 0x0000000705400000| Untracked 
|  35|0x0000000705600000, 0x0000000705600000, 0x0000000705800000|  0%| F|  |TAMS 0x0000000705600000, 0x0000000705600000| Untracked 
|  36|0x0000000705800000, 0x0000000705800000, 0x0000000705a00000|  0%| F|  |TAMS 0x0000000705800000, 0x0000000705800000| Untracked 
|  37|0x0000000705a00000, 0x0000000705a00000, 0x0000000705c00000|  0%| F|  |TAMS 0x0000000705a00000, 0x0000000705a00000| Untracked 
|  38|0x0000000705c00000, 0x0000000705c00000, 0x0000000705e00000|  0%| F|  |TAMS 0x0000000705c00000, 0x0000000705c00000| Untracked 
|  39|0x0000000705e00000, 0x0000000705e00000, 0x0000000706000000|  0%| F|  |TAMS 0x0000000705e00000, 0x0000000705e00000| Untracked 
|  40|0x0000000706000000, 0x0000000706000000, 0x0000000706200000|  0%| F|  |TAMS 0x0000000706000000, 0x0000000706000000| Untracked 
|  41|0x0000000706200000, 0x0000000706200000, 0x0000000706400000|  0%| F|  |TAMS 0x0000000706200000, 0x0000000706200000| Untracked 
|  42|0x0000000706400000, 0x0000000706400000, 0x0000000706600000|  0%| F|  |TAMS 0x0000000706400000, 0x0000000706400000| Untracked 
|  43|0x0000000706600000, 0x0000000706600000, 0x0000000706800000|  0%| F|  |TAMS 0x0000000706600000, 0x0000000706600000| Untracked 
|  44|0x0000000706800000, 0x0000000706800000, 0x0000000706a00000|  0%| F|  |TAMS 0x0000000706800000, 0x0000000706800000| Untracked 
|  45|0x0000000706a00000, 0x0000000706a00000, 0x0000000706c00000|  0%| F|  |TAMS 0x0000000706a00000, 0x0000000706a00000| Untracked 
|  46|0x0000000706c00000, 0x0000000706c00000, 0x0000000706e00000|  0%| F|  |TAMS 0x0000000706c00000, 0x0000000706c00000| Untracked 
|  47|0x0000000706e00000, 0x0000000706e00000, 0x0000000707000000|  0%| F|  |TAMS 0x0000000706e00000, 0x0000000706e00000| Untracked 
|  48|0x0000000707000000, 0x0000000707000000, 0x0000000707200000|  0%| F|  |TAMS 0x0000000707000000, 0x0000000707000000| Untracked 
|  49|0x0000000707200000, 0x0000000707200000, 0x0000000707400000|  0%| F|  |TAMS 0x0000000707200000, 0x0000000707200000| Untracked 
|  50|0x0000000707400000, 0x0000000707400000, 0x0000000707600000|  0%| F|  |TAMS 0x0000000707400000, 0x0000000707400000| Untracked 
|  51|0x0000000707600000, 0x0000000707600000, 0x0000000707800000|  0%| F|  |TAMS 0x0000000707600000, 0x0000000707600000| Untracked 
|  52|0x0000000707800000, 0x0000000707800000, 0x0000000707a00000|  0%| F|  |TAMS 0x0000000707800000, 0x0000000707800000| Untracked 
|  53|0x0000000707a00000, 0x0000000707a00000, 0x0000000707c00000|  0%| F|  |TAMS 0x0000000707a00000, 0x0000000707a00000| Untracked 
|  54|0x0000000707c00000, 0x0000000707c00000, 0x0000000707e00000|  0%| F|  |TAMS 0x0000000707c00000, 0x0000000707c00000| Untracked 
|  55|0x0000000707e00000, 0x0000000707e00000, 0x0000000708000000|  0%| F|  |TAMS 0x0000000707e00000, 0x0000000707e00000| Untracked 
|  56|0x0000000708000000, 0x0000000708000000, 0x0000000708200000|  0%| F|  |TAMS 0x0000000708000000, 0x0000000708000000| Untracked 
|  57|0x0000000708200000, 0x0000000708200000, 0x0000000708400000|  0%| F|  |TAMS 0x0000000708200000, 0x0000000708200000| Untracked 
|  58|0x0000000708400000, 0x0000000708400000, 0x0000000708600000|  0%| F|  |TAMS 0x0000000708400000, 0x0000000708400000| Untracked 
|  59|0x0000000708600000, 0x0000000708600000, 0x0000000708800000|  0%| F|  |TAMS 0x0000000708600000, 0x0000000708600000| Untracked 
|  60|0x0000000708800000, 0x0000000708800000, 0x0000000708a00000|  0%| F|  |TAMS 0x0000000708800000, 0x0000000708800000| Untracked 
|  61|0x0000000708a00000, 0x0000000708a00000, 0x0000000708c00000|  0%| F|  |TAMS 0x0000000708a00000, 0x0000000708a00000| Untracked 
|  62|0x0000000708c00000, 0x0000000708c00000, 0x0000000708e00000|  0%| F|  |TAMS 0x0000000708c00000, 0x0000000708c00000| Untracked 
|  63|0x0000000708e00000, 0x0000000708e00000, 0x0000000709000000|  0%| F|  |TAMS 0x0000000708e00000, 0x0000000708e00000| Untracked 
|  64|0x0000000709000000, 0x0000000709000000, 0x0000000709200000|  0%| F|  |TAMS 0x0000000709000000, 0x0000000709000000| Untracked 
|  65|0x0000000709200000, 0x0000000709200000, 0x0000000709400000|  0%| F|  |TAMS 0x0000000709200000, 0x0000000709200000| Untracked 
|  66|0x0000000709400000, 0x0000000709400000, 0x0000000709600000|  0%| F|  |TAMS 0x0000000709400000, 0x0000000709400000| Untracked 
|  67|0x0000000709600000, 0x0000000709600000, 0x0000000709800000|  0%| F|  |TAMS 0x0000000709600000, 0x0000000709600000| Untracked 
|  68|0x0000000709800000, 0x0000000709800000, 0x0000000709a00000|  0%| F|  |TAMS 0x0000000709800000, 0x0000000709800000| Untracked 
|  69|0x0000000709a00000, 0x0000000709a00000, 0x0000000709c00000|  0%| F|  |TAMS 0x0000000709a00000, 0x0000000709a00000| Untracked 
|  70|0x0000000709c00000, 0x0000000709c00000, 0x0000000709e00000|  0%| F|  |TAMS 0x0000000709c00000, 0x0000000709c00000| Untracked 
|  71|0x0000000709e00000, 0x0000000709e00000, 0x000000070a000000|  0%| F|  |TAMS 0x0000000709e00000, 0x0000000709e00000| Untracked 
|  72|0x000000070a000000, 0x000000070a000000, 0x000000070a200000|  0%| F|  |TAMS 0x000000070a000000, 0x000000070a000000| Untracked 
|  73|0x000000070a200000, 0x000000070a200000, 0x000000070a400000|  0%| F|  |TAMS 0x000000070a200000, 0x000000070a200000| Untracked 
|  74|0x000000070a400000, 0x000000070a400000, 0x000000070a600000|  0%| F|  |TAMS 0x000000070a400000, 0x000000070a400000| Untracked 
|  75|0x000000070a600000, 0x000000070a600000, 0x000000070a800000|  0%| F|  |TAMS 0x000000070a600000, 0x000000070a600000| Untracked 
|  76|0x000000070a800000, 0x000000070a800000, 0x000000070aa00000|  0%| F|  |TAMS 0x000000070a800000, 0x000000070a800000| Untracked 
|  77|0x000000070aa00000, 0x000000070aa00000, 0x000000070ac00000|  0%| F|  |TAMS 0x000000070aa00000, 0x000000070aa00000| Untracked 
|  78|0x000000070ac00000, 0x000000070ac00000, 0x000000070ae00000|  0%| F|  |TAMS 0x000000070ac00000, 0x000000070ac00000| Untracked 
|  79|0x000000070ae00000, 0x000000070ae00000, 0x000000070b000000|  0%| F|  |TAMS 0x000000070ae00000, 0x000000070ae00000| Untracked 
|  80|0x000000070b000000, 0x000000070b000000, 0x000000070b200000|  0%| F|  |TAMS 0x000000070b000000, 0x000000070b000000| Untracked 
|  81|0x000000070b200000, 0x000000070b200000, 0x000000070b400000|  0%| F|  |TAMS 0x000000070b200000, 0x000000070b200000| Untracked 
|  82|0x000000070b400000, 0x000000070b400000, 0x000000070b600000|  0%| F|  |TAMS 0x000000070b400000, 0x000000070b400000| Untracked 
|  83|0x000000070b600000, 0x000000070b600000, 0x000000070b800000|  0%| F|  |TAMS 0x000000070b600000, 0x000000070b600000| Untracked 
|  84|0x000000070b800000, 0x000000070b800000, 0x000000070ba00000|  0%| F|  |TAMS 0x000000070b800000, 0x000000070b800000| Untracked 
|  85|0x000000070ba00000, 0x000000070ba00000, 0x000000070bc00000|  0%| F|  |TAMS 0x000000070ba00000, 0x000000070ba00000| Untracked 
|  86|0x000000070bc00000, 0x000000070bc00000, 0x000000070be00000|  0%| F|  |TAMS 0x000000070bc00000, 0x000000070bc00000| Untracked 
|  87|0x000000070be00000, 0x000000070be00000, 0x000000070c000000|  0%| F|  |TAMS 0x000000070be00000, 0x000000070be00000| Untracked 
|  88|0x000000070c000000, 0x000000070c000000, 0x000000070c200000|  0%| F|  |TAMS 0x000000070c000000, 0x000000070c000000| Untracked 
|  89|0x000000070c200000, 0x000000070c200000, 0x000000070c400000|  0%| F|  |TAMS 0x000000070c200000, 0x000000070c200000| Untracked 
|  90|0x000000070c400000, 0x000000070c400000, 0x000000070c600000|  0%| F|  |TAMS 0x000000070c400000, 0x000000070c400000| Untracked 
|  91|0x000000070c600000, 0x000000070c600000, 0x000000070c800000|  0%| F|  |TAMS 0x000000070c600000, 0x000000070c600000| Untracked 
|  92|0x000000070c800000, 0x000000070c800000, 0x000000070ca00000|  0%| F|  |TAMS 0x000000070c800000, 0x000000070c800000| Untracked 
|  93|0x000000070ca00000, 0x000000070ca00000, 0x000000070cc00000|  0%| F|  |TAMS 0x000000070ca00000, 0x000000070ca00000| Untracked 
|  94|0x000000070cc00000, 0x000000070cc00000, 0x000000070ce00000|  0%| F|  |TAMS 0x000000070cc00000, 0x000000070cc00000| Untracked 
|  95|0x000000070ce00000, 0x000000070ce00000, 0x000000070d000000|  0%| F|  |TAMS 0x000000070ce00000, 0x000000070ce00000| Untracked 
|  96|0x000000070d000000, 0x000000070d000000, 0x000000070d200000|  0%| F|  |TAMS 0x000000070d000000, 0x000000070d000000| Untracked 
|  97|0x000000070d200000, 0x000000070d200000, 0x000000070d400000|  0%| F|  |TAMS 0x000000070d200000, 0x000000070d200000| Untracked 
|  98|0x000000070d400000, 0x000000070d400000, 0x000000070d600000|  0%| F|  |TAMS 0x000000070d400000, 0x000000070d400000| Untracked 
|  99|0x000000070d600000, 0x000000070d600000, 0x000000070d800000|  0%| F|  |TAMS 0x000000070d600000, 0x000000070d600000| Untracked 
| 100|0x000000070d800000, 0x000000070d800000, 0x000000070da00000|  0%| F|  |TAMS 0x000000070d800000, 0x000000070d800000| Untracked 
| 101|0x000000070da00000, 0x000000070da00000, 0x000000070dc00000|  0%| F|  |TAMS 0x000000070da00000, 0x000000070da00000| Untracked 
| 102|0x000000070dc00000, 0x000000070dc00000, 0x000000070de00000|  0%| F|  |TAMS 0x000000070dc00000, 0x000000070dc00000| Untracked 
| 103|0x000000070de00000, 0x000000070de00000, 0x000000070e000000|  0%| F|  |TAMS 0x000000070de00000, 0x000000070de00000| Untracked 
| 104|0x000000070e000000, 0x000000070e000000, 0x000000070e200000|  0%| F|  |TAMS 0x000000070e000000, 0x000000070e000000| Untracked 
| 105|0x000000070e200000, 0x000000070e200000, 0x000000070e400000|  0%| F|  |TAMS 0x000000070e200000, 0x000000070e200000| Untracked 
| 106|0x000000070e400000, 0x000000070e400000, 0x000000070e600000|  0%| F|  |TAMS 0x000000070e400000, 0x000000070e400000| Untracked 
| 107|0x000000070e600000, 0x000000070e600000, 0x000000070e800000|  0%| F|  |TAMS 0x000000070e600000, 0x000000070e600000| Untracked 
| 108|0x000000070e800000, 0x000000070e800000, 0x000000070ea00000|  0%| F|  |TAMS 0x000000070e800000, 0x000000070e800000| Untracked 
| 109|0x000000070ea00000, 0x000000070ea00000, 0x000000070ec00000|  0%| F|  |TAMS 0x000000070ea00000, 0x000000070ea00000| Untracked 
| 110|0x000000070ec00000, 0x000000070ec00000, 0x000000070ee00000|  0%| F|  |TAMS 0x000000070ec00000, 0x000000070ec00000| Untracked 
| 111|0x000000070ee00000, 0x000000070ee00000, 0x000000070f000000|  0%| F|  |TAMS 0x000000070ee00000, 0x000000070ee00000| Untracked 
| 112|0x000000070f000000, 0x000000070f000000, 0x000000070f200000|  0%| F|  |TAMS 0x000000070f000000, 0x000000070f000000| Untracked 
| 113|0x000000070f200000, 0x000000070f200000, 0x000000070f400000|  0%| F|  |TAMS 0x000000070f200000, 0x000000070f200000| Untracked 
| 114|0x000000070f400000, 0x000000070f400000, 0x000000070f600000|  0%| F|  |TAMS 0x000000070f400000, 0x000000070f400000| Untracked 
| 115|0x000000070f600000, 0x000000070f600000, 0x000000070f800000|  0%| F|  |TAMS 0x000000070f600000, 0x000000070f600000| Untracked 
| 116|0x000000070f800000, 0x000000070f800000, 0x000000070fa00000|  0%| F|  |TAMS 0x000000070f800000, 0x000000070f800000| Untracked 
| 117|0x000000070fa00000, 0x000000070fa00000, 0x000000070fc00000|  0%| F|  |TAMS 0x000000070fa00000, 0x000000070fa00000| Untracked 
| 118|0x000000070fc00000, 0x000000070fc00000, 0x000000070fe00000|  0%| F|  |TAMS 0x000000070fc00000, 0x000000070fc00000| Untracked 
| 119|0x000000070fe00000, 0x000000070fe00000, 0x0000000710000000|  0%| F|  |TAMS 0x000000070fe00000, 0x000000070fe00000| Untracked 
| 120|0x0000000710000000, 0x0000000710000000, 0x0000000710200000|  0%| F|  |TAMS 0x0000000710000000, 0x0000000710000000| Untracked 
| 121|0x0000000710200000, 0x0000000710200000, 0x0000000710400000|  0%| F|  |TAMS 0x0000000710200000, 0x0000000710200000| Untracked 
| 122|0x0000000710400000, 0x0000000710400000, 0x0000000710600000|  0%| F|  |TAMS 0x0000000710400000, 0x0000000710400000| Untracked 
| 123|0x0000000710600000, 0x00000007106e24d8, 0x0000000710800000| 44%| E|  |TAMS 0x0000000710600000, 0x0000000710600000| Complete 
| 124|0x0000000710800000, 0x0000000710a00000, 0x0000000710a00000|100%| E|CS|TAMS 0x0000000710800000, 0x0000000710800000| Complete 
| 125|0x0000000710a00000, 0x0000000710c00000, 0x0000000710c00000|100%| E|CS|TAMS 0x0000000710a00000, 0x0000000710a00000| Complete 
| 126|0x0000000710c00000, 0x0000000710e00000, 0x0000000710e00000|100%| E|CS|TAMS 0x0000000710c00000, 0x0000000710c00000| Complete 
| 127|0x0000000710e00000, 0x0000000711000000, 0x0000000711000000|100%| E|CS|TAMS 0x0000000710e00000, 0x0000000710e00000| Complete 

Card table byte_map: [0x000001b377890000,0x000001b378090000] _byte_map_base: 0x000001b374088000

Marking Bits (Prev, Next): (CMBitMap*) 0x000001b35e25afd0, (CMBitMap*) 0x000001b35e25b010
 Prev Bits: [0x000001b378890000, 0x000001b37c850000)
 Next Bits: [0x000001b300000000, 0x000001b303fc0000)

Polling page: 0x000001b35e390000

Metaspace:

Usage:
  Non-class:      2.77 MB used.
      Class:    280.60 KB used.
       Both:      3.04 MB used.

Virtual space:
  Non-class space:       64.00 MB reserved,       2.88 MB (  4%) committed,  1 nodes.
      Class space:        1.00 GB reserved,     320.00 KB ( <1%) committed,  1 nodes.
             Both:        1.06 GB reserved,       3.19 MB ( <1%) committed. 

Chunk freelists:
   Non-Class:  3.66 MB
       Class:  3.70 MB
        Both:  7.36 MB

MaxMetaspaceSize: unlimited
CompressedClassSpaceSize: 1.00 GB
Initial GC threshold: 21.00 MB
Current GC threshold: 21.00 MB
CDS: on
MetaspaceReclaimPolicy: balanced
 - commit_granule_bytes: 65536.
 - commit_granule_words: 8192.
 - virtual_space_node_default_size: 8388608.
 - enlarge_chunks_in_place: 1.
 - new_chunks_are_fully_committed: 0.
 - uncommit_free_chunks: 1.
 - use_allocation_guard: 0.


Internal statistics:

num_allocs_failed_limit: 0.
num_arena_births: 30.
num_arena_deaths: 0.
num_vsnodes_births: 2.
num_vsnodes_deaths: 0.
num_space_committed: 51.
num_space_uncommitted: 0.
num_chunks_returned_to_freelist: 0.
num_chunks_taken_from_freelist: 51.
num_chunk_merges: 0.
num_chunk_splits: 34.
num_chunks_enlarged: 25.
num_inconsistent_stats: 0.

CodeHeap 'non-profiled nmethods': size=120000Kb used=206Kb max_used=206Kb free=119793Kb
 bounds [0x000001b36eed0000, 0x000001b36f140000, 0x000001b376400000]
CodeHeap 'profiled nmethods': size=120000Kb used=970Kb max_used=970Kb free=119029Kb
 bounds [0x000001b3679a0000, 0x000001b367c10000, 0x000001b36eed0000]
CodeHeap 'non-nmethods': size=5760Kb used=1232Kb max_used=1248Kb free=4527Kb
 bounds [0x000001b367400000, 0x000001b367670000, 0x000001b3679a0000]
 total_blobs=1076 nmethods=631 adapters=358
 compilation: enabled
              stopped_count=0, restarted_count=0
 full_count=0

Compilation events (20 events):
Event: 7.298 Thread 0x000001b37f514960  622   !   3       java.util.regex.Pattern::closure (276 bytes)
Event: 7.299 Thread 0x000001b37f514960 nmethod 622 0x000001b367a8d890 code [0x000001b367a8dcc0, 0x000001b367a8fa88]
Event: 7.299 Thread 0x000001b37f514960  623       3       java.util.regex.Pattern$Node::study (21 bytes)
Event: 7.299 Thread 0x000001b37f514960 nmethod 623 0x000001b367a90490 code [0x000001b367a90640, 0x000001b367a908a8]
Event: 12.331 Thread 0x000001b37f514960  624       3       java.lang.invoke.MemberName::flagsMods (73 bytes)
Event: 12.331 Thread 0x000001b37f514960 nmethod 624 0x000001b367a90990 code [0x000001b367a90b20, 0x000001b367a90c58]
Event: 12.331 Thread 0x000001b37f514960  625       3       java.lang.invoke.MemberName::init (67 bytes)
Event: 12.331 Thread 0x000001b37f514960 nmethod 625 0x000001b367a90d10 code [0x000001b367a90ec0, 0x000001b367a91118]
Event: 12.331 Thread 0x000001b37f514960  626       1       java.lang.invoke.MethodHandles$Lookup::previousLookupClass (5 bytes)
Event: 12.331 Thread 0x000001b37f514960 nmethod 626 0x000001b36ef03410 code [0x000001b36ef035a0, 0x000001b36ef03678]
Event: 12.331 Thread 0x000001b37f514960  627       3       java.lang.invoke.LambdaForm::forceInterpretation (14 bytes)
Event: 12.331 Thread 0x000001b37f514960 nmethod 627 0x000001b367a91190 code [0x000001b367a91320, 0x000001b367a91498]
Event: 55.459 Thread 0x000001b37f514960  628       3       org.eclipse.jdt.launching.internal.org.objectweb.asm.ClassReader::readClass (7 bytes)
Event: 55.460 Thread 0x000001b37f514960 nmethod 628 0x000001b367a91510 code [0x000001b367a916e0, 0x000001b367a91a88]
Event: 55.460 Thread 0x000001b37f514960  629       3       org.eclipse.jdt.launching.internal.org.objectweb.asm.ClassReader::readStringish (16 bytes)
Event: 55.462 Thread 0x000001b37f514960 nmethod 629 0x000001b367a91c90 code [0x000001b367a91e60, 0x000001b367a92188]
Event: 55.462 Thread 0x000001b37f514960  630       3       org.eclipse.jdt.launching.internal.org.objectweb.asm.SymbolTable::addConstantMemberReference (29 bytes)
Event: 55.462 Thread 0x000001b37f514960 nmethod 630 0x000001b367a92310 code [0x000001b367a92500, 0x000001b367a928c8]
Event: 55.462 Thread 0x000001b37f514960  631       1       org.eclipse.jdt.launching.internal.org.objectweb.asm.MethodWriter::hasAsmInstructions (5 bytes)
Event: 55.463 Thread 0x000001b37f514960 nmethod 631 0x000001b36ef03710 code [0x000001b36ef038a0, 0x000001b36ef03978]

GC Heap History (0 events):
No events

Deoptimization events (20 events):
Event: 0.217 Thread 0x000001b35e2c9e50 DEOPT PACKING pc=0x000001b36eed8ab8 sp=0x00000062c92fcbe0
Event: 0.217 Thread 0x000001b35e2c9e50 DEOPT UNPACKING pc=0x000001b3674523a3 sp=0x00000062c92fcb18 mode 2
Event: 0.217 Thread 0x000001b35e2c9e50 Uncommon trap: trap_request=0xffffff45 fr.pc=0x000001b36eeded60 relative=0x0000000000000060
Event: 0.217 Thread 0x000001b35e2c9e50 Uncommon trap: reason=unstable_if action=reinterpret pc=0x000001b36eeded60 method=java.lang.String.isLatin1()Z @ 10 c2
Event: 0.217 Thread 0x000001b35e2c9e50 DEOPT PACKING pc=0x000001b36eeded60 sp=0x00000062c92fcb70
Event: 0.217 Thread 0x000001b35e2c9e50 DEOPT UNPACKING pc=0x000001b3674523a3 sp=0x00000062c92fcb10 mode 2
Event: 0.221 Thread 0x000001b35e2c9e50 DEOPT PACKING pc=0x000001b367a4e0d4 sp=0x00000062c92f7db0
Event: 0.221 Thread 0x000001b35e2c9e50 DEOPT UNPACKING pc=0x000001b367452b43 sp=0x00000062c92f7218 mode 0
Event: 0.221 Thread 0x000001b35e2c9e50 DEOPT PACKING pc=0x000001b367a4e0d4 sp=0x00000062c92f7db0
Event: 0.221 Thread 0x000001b35e2c9e50 DEOPT UNPACKING pc=0x000001b367452b43 sp=0x00000062c92f7218 mode 0
Event: 0.221 Thread 0x000001b35e2c9e50 DEOPT PACKING pc=0x000001b367a4e0d4 sp=0x00000062c92f7db0
Event: 0.221 Thread 0x000001b35e2c9e50 DEOPT UNPACKING pc=0x000001b367452b43 sp=0x00000062c92f7218 mode 0
Event: 0.222 Thread 0x000001b35e2c9e50 DEOPT PACKING pc=0x000001b367a4e0d4 sp=0x00000062c92f7db0
Event: 0.222 Thread 0x000001b35e2c9e50 DEOPT UNPACKING pc=0x000001b367452b43 sp=0x00000062c92f7218 mode 0
Event: 0.231 Thread 0x000001b35e2c9e50 Uncommon trap: trap_request=0xffffff45 fr.pc=0x000001b36eee4bc8 relative=0x0000000000000048
Event: 0.231 Thread 0x000001b35e2c9e50 Uncommon trap: reason=unstable_if action=reinterpret pc=0x000001b36eee4bc8 method=java.lang.CharacterData.of(I)Ljava/lang/CharacterData; @ 4 c2
Event: 0.231 Thread 0x000001b35e2c9e50 DEOPT PACKING pc=0x000001b36eee4bc8 sp=0x00000062c92fe730
Event: 0.231 Thread 0x000001b35e2c9e50 DEOPT UNPACKING pc=0x000001b3674523a3 sp=0x00000062c92fe6d0 mode 2
Event: 0.235 Thread 0x000001b35e2c9e50 DEOPT PACKING pc=0x000001b3679f559f sp=0x00000062c92fced0
Event: 0.235 Thread 0x000001b35e2c9e50 DEOPT UNPACKING pc=0x000001b367452b43 sp=0x00000062c92fc368 mode 0

Classes loaded (20 events):
Event: 0.239 Loading class java/time/Month
Event: 0.239 Loading class java/time/Month done
Event: 0.239 Loading class java/time/Month$1
Event: 0.239 Loading class java/time/Month$1 done
Event: 0.240 Loading class sun/util/calendar/ZoneInfoFile$Checksum
Event: 0.240 Loading class sun/util/calendar/ZoneInfoFile$Checksum done
Event: 0.240 Loading class java/time/zone/ZoneRulesProvider
Event: 0.241 Loading class java/time/zone/ZoneRulesProvider done
Event: 0.241 Loading class java/time/zone/ZoneRulesProvider$1
Event: 0.241 Loading class java/time/zone/ZoneRulesProvider$1 done
Event: 0.241 Loading class java/time/zone/TzdbZoneRulesProvider
Event: 0.241 Loading class java/time/zone/TzdbZoneRulesProvider done
Event: 0.244 Loading class java/time/zone/Ser
Event: 0.244 Loading class java/io/Externalizable
Event: 0.244 Loading class java/io/Externalizable done
Event: 0.244 Loading class java/time/zone/Ser done
Event: 0.245 Loading class java/time/zone/ZoneOffsetTransition
Event: 0.245 Loading class java/time/zone/ZoneOffsetTransition done
Event: 1.131 Loading class java/util/regex/Pattern$1
Event: 1.131 Loading class java/util/regex/Pattern$1 done

Classes unloaded (0 events):
No events

Classes redefined (1 events):
Event: 55.460 Thread 0x000001b37f4e1060 redefined class name=br.com.entra21.modelo2022.principal.menu.entrar.cadastro.crud.MedicoCRUD, count=1

Internal exceptions (2 events):
Event: 0.195 Thread 0x000001b35e2c9e50 Exception <a 'java/lang/NoSuchMethodError'{0x0000000710b6bd18}: 'void java.lang.invoke.DirectMethodHandle$Holder.invokeStatic(java.lang.Object, java.lang.Object, java.lang.Object)'> (0x0000000710b6bd18) 
thrown [s\open\src\hotspot\share\interpreter\linkResolver.cpp, line 766]
Event: 0.197 Thread 0x000001b35e2c9e50 Exception <a 'java/lang/NoSuchMethodError'{0x0000000710b7fb30}: 'java.lang.Object java.lang.invoke.Invokers$Holder.invokeExact_MT(java.lang.Object, java.lang.Object, java.lang.Object, java.lang.Object, java.lang.Object)'> (0x0000000710b7fb30) 
thrown [s\open\src\hotspot\share\interpreter\linkResolver.cpp, line 766]

VM Operations (20 events):
Event: 55.457 Executing VM operation: ChangeSingleStep
Event: 55.457 Executing VM operation: ChangeSingleStep done
Event: 55.460 Executing VM operation: RedefineClasses
Event: 55.462 Executing VM operation: RedefineClasses done
Event: 55.466 Executing VM operation: ChangeBreakpoints
Event: 55.466 Executing VM operation: ChangeBreakpoints done
Event: 55.469 Executing VM operation: ChangeBreakpoints
Event: 55.469 Executing VM operation: ChangeBreakpoints done
Event: 55.472 Executing VM operation: ChangeBreakpoints
Event: 55.472 Executing VM operation: ChangeBreakpoints done
Event: 55.475 Executing VM operation: ChangeBreakpoints
Event: 55.475 Executing VM operation: ChangeBreakpoints done
Event: 55.477 Executing VM operation: ChangeBreakpoints
Event: 55.478 Executing VM operation: ChangeBreakpoints done
Event: 55.479 Executing VM operation: ChangeSingleStep
Event: 55.479 Executing VM operation: ChangeSingleStep done
Event: 55.479 Executing VM operation: get/set locals
Event: 55.479 Executing VM operation: get/set locals done
Event: 55.480 Executing VM operation: ChangeSingleStep
Event: 55.480 Executing VM operation: ChangeSingleStep done

Events (20 events):
Event: 0.024 Thread 0x000001b37f506dc0 Thread added: 0x000001b37f506dc0
Event: 0.024 Thread 0x000001b37f507670 Thread added: 0x000001b37f507670
Event: 0.024 Thread 0x000001b37f508060 Thread added: 0x000001b37f508060
Event: 0.024 Thread 0x000001b37f508c40 Thread added: 0x000001b37f508c40
Event: 0.024 Thread 0x000001b37f514960 Thread added: 0x000001b37f514960
Event: 0.024 Thread 0x000001b37f526b80 Thread added: 0x000001b37f526b80
Event: 0.037 Thread 0x000001b37f4d24a0 Thread added: 0x000001b37f4d24a0
Event: 0.058 Thread 0x000001b30827c1a0 Thread added: 0x000001b30827c1a0
Event: 0.058 Thread 0x000001b30839b4d0 Thread added: 0x000001b30839b4d0
Event: 0.058 Thread 0x000001b308271ec0 Thread added: 0x000001b308271ec0
Event: 0.102 Loaded shared library C:\Program Files\Java\jdk-18.0.1\bin\zip.dll
Event: 0.104 Loaded shared library C:\Program Files\Java\jdk-18.0.1\bin\instrument.dll
Event: 0.109 Loaded shared library C:\Program Files\Java\jdk-18.0.1\bin\net.dll
Event: 0.110 Loaded shared library C:\Program Files\Java\jdk-18.0.1\bin\nio.dll
Event: 0.112 Loaded shared library C:\Program Files\Java\jdk-18.0.1\bin\zip.dll
Event: 0.154 Loaded shared library C:\Program Files\Java\jdk-18.0.1\bin\jimage.dll
Event: 0.183 Thread 0x000001b308449e90 Thread added: 0x000001b308449e90
Event: 0.200 Thread 0x000001b308474ff0 Thread added: 0x000001b308474ff0
Event: 0.204 Loaded shared library C:\Program Files\Java\jdk-18.0.1\bin\verify.dll
Event: 1.131 Thread 0x000001b308449e90 Thread exited: 0x000001b308449e90


Dynamic libraries:
0x00007ff736e40000 - 0x00007ff736e50000 	C:\Program Files\Java\jdk-18.0.1\bin\javaw.exe
0x00007ffc3b3f0000 - 0x00007ffc3b5e7000 	C:\WINDOWS\SYSTEM32\ntdll.dll
0x00007ffc3b290000 - 0x00007ffc3b34d000 	C:\WINDOWS\System32\KERNEL32.DLL
0x00007ffc38c60000 - 0x00007ffc38f2d000 	C:\WINDOWS\System32\KERNELBASE.dll
0x00007ffc38b10000 - 0x00007ffc38c10000 	C:\WINDOWS\System32\ucrtbase.dll
0x00007ffc28190000 - 0x00007ffc281aa000 	C:\Program Files\Java\jdk-18.0.1\bin\VCRUNTIME140.dll
0x00007ffc21770000 - 0x00007ffc21788000 	C:\Program Files\Java\jdk-18.0.1\bin\jli.dll
0x00007ffc3ad70000 - 0x00007ffc3ae1e000 	C:\WINDOWS\System32\ADVAPI32.dll
0x00007ffc39b10000 - 0x00007ffc39bae000 	C:\WINDOWS\System32\msvcrt.dll
0x00007ffc3a8b0000 - 0x00007ffc3a94c000 	C:\WINDOWS\System32\sechost.dll
0x00007ffc3a4f0000 - 0x00007ffc3a615000 	C:\WINDOWS\System32\RPCRT4.dll
0x00007ffc3a620000 - 0x00007ffc3a7c0000 	C:\WINDOWS\System32\USER32.dll
0x00007ffc26ab0000 - 0x00007ffc26d4a000 	C:\WINDOWS\WinSxS\amd64_microsoft.windows.common-controls_6595b64144ccf1df_6.0.19041.1110_none_60b5254171f9507e\COMCTL32.dll
0x00007ffc39090000 - 0x00007ffc390b2000 	C:\WINDOWS\System32\win32u.dll
0x00007ffc39730000 - 0x00007ffc3975a000 	C:\WINDOWS\System32\GDI32.dll
0x00007ffc390c0000 - 0x00007ffc391cb000 	C:\WINDOWS\System32\gdi32full.dll
0x00007ffc32a70000 - 0x00007ffc32a7a000 	C:\WINDOWS\SYSTEM32\VERSION.dll
0x00007ffc392f0000 - 0x00007ffc3938d000 	C:\WINDOWS\System32\msvcp_win.dll
0x00007ffc39920000 - 0x00007ffc39950000 	C:\WINDOWS\System32\IMM32.DLL
0x00007ffc2c940000 - 0x00007ffc2c94c000 	C:\Program Files\Java\jdk-18.0.1\bin\vcruntime140_1.dll
0x00007ffc10f70000 - 0x00007ffc10ffd000 	C:\Program Files\Java\jdk-18.0.1\bin\msvcp140.dll
0x00007ffbdf3d0000 - 0x00007ffbdffe0000 	C:\Program Files\Java\jdk-18.0.1\bin\server\jvm.dll
0x00007ffc3a8a0000 - 0x00007ffc3a8a8000 	C:\WINDOWS\System32\PSAPI.DLL
0x00007ffc22300000 - 0x00007ffc22309000 	C:\WINDOWS\SYSTEM32\WSOCK32.dll
0x00007ffc2f410000 - 0x00007ffc2f437000 	C:\WINDOWS\SYSTEM32\WINMM.dll
0x00007ffc3a830000 - 0x00007ffc3a89b000 	C:\WINDOWS\System32\WS2_32.dll
0x00007ffc36a30000 - 0x00007ffc36a42000 	C:\WINDOWS\SYSTEM32\kernel.appcore.dll
0x00007ffc35920000 - 0x00007ffc3592a000 	C:\Program Files\Java\jdk-18.0.1\bin\jimage.dll
0x00007ffc2fd40000 - 0x00007ffc2ff24000 	C:\WINDOWS\SYSTEM32\DBGHELP.DLL
0x00007ffc2af40000 - 0x00007ffc2af6c000 	C:\WINDOWS\SYSTEM32\dbgcore.DLL
0x00007ffc393c0000 - 0x00007ffc39442000 	C:\WINDOWS\System32\bcryptPrimitives.dll
0x00007ffc1fe10000 - 0x00007ffc1fe4b000 	C:\Program Files\Java\jdk-18.0.1\bin\jdwp.dll
0x00007ffc2cd50000 - 0x00007ffc2cd5e000 	C:\Program Files\Java\jdk-18.0.1\bin\instrument.dll
0x00007ffc28120000 - 0x00007ffc28145000 	C:\Program Files\Java\jdk-18.0.1\bin\java.dll
0x00007ffc12510000 - 0x00007ffc125e6000 	C:\Program Files\Java\jdk-18.0.1\bin\jsvml.dll
0x00007ffc39da0000 - 0x00007ffc3a4e4000 	C:\WINDOWS\System32\SHELL32.dll
0x00007ffc36c30000 - 0x00007ffc373c4000 	C:\WINDOWS\SYSTEM32\windows.storage.dll
0x00007ffc3a950000 - 0x00007ffc3aca4000 	C:\WINDOWS\System32\combase.dll
0x00007ffc38570000 - 0x00007ffc3859c000 	C:\WINDOWS\SYSTEM32\Wldp.dll
0x00007ffc394d0000 - 0x00007ffc3957d000 	C:\WINDOWS\System32\SHCORE.dll
0x00007ffc39450000 - 0x00007ffc394a5000 	C:\WINDOWS\System32\shlwapi.dll
0x00007ffc38a50000 - 0x00007ffc38a6f000 	C:\WINDOWS\SYSTEM32\profapi.dll
0x00007ffc2cd40000 - 0x00007ffc2cd4c000 	C:\Program Files\Java\jdk-18.0.1\bin\dt_socket.dll
0x00007ffc37f70000 - 0x00007ffc37fab000 	C:\WINDOWS\SYSTEM32\IPHLPAPI.DLL
0x00007ffc382d0000 - 0x00007ffc3833a000 	C:\WINDOWS\system32\mswsock.dll
0x00007ffc37fc0000 - 0x00007ffc3808b000 	C:\WINDOWS\SYSTEM32\DNSAPI.dll
0x00007ffc3acb0000 - 0x00007ffc3acb8000 	C:\WINDOWS\System32\NSI.dll
0x00007ffc2cd60000 - 0x00007ffc2cd6a000 	C:\Windows\System32\rasadhlp.dll
0x00007ffc2cc30000 - 0x00007ffc2ccb0000 	C:\WINDOWS\System32\fwpuclnt.dll
0x00007ffc39390000 - 0x00007ffc393b7000 	C:\WINDOWS\System32\bcrypt.dll
0x00007ffc27a60000 - 0x00007ffc27a78000 	C:\Program Files\Java\jdk-18.0.1\bin\zip.dll
0x00007ffc2bfc0000 - 0x00007ffc2bfd3000 	C:\Program Files\Java\jdk-18.0.1\bin\net.dll
0x00007ffc2cdf0000 - 0x00007ffc2cefa000 	C:\WINDOWS\SYSTEM32\WINHTTP.dll
0x00007ffc27f60000 - 0x00007ffc27f76000 	C:\Program Files\Java\jdk-18.0.1\bin\nio.dll
0x00007ffc32bd0000 - 0x00007ffc32be0000 	C:\Program Files\Java\jdk-18.0.1\bin\verify.dll

dbghelp: loaded successfully - version: 4.0.5 - missing functions: none
symbol engine: initialized successfully - sym options: 0x614 - pdb path: .;C:\Program Files\Java\jdk-18.0.1\bin;C:\WINDOWS\SYSTEM32;C:\WINDOWS\WinSxS\amd64_microsoft.windows.common-controls_6595b64144ccf1df_6.0.19041.1110_none_60b5254171f9507e;C:\Program Files\Java\jdk-18.0.1\bin\server

VM Arguments:
jvm_args: -XX:+ShowCodeDetailsInExceptionMessages -agentlib:jdwp=transport=dt_socket,suspend=y,address=localhost:53657 -javaagent:C:\Users\filip\eclipse\jee-2022-03\eclipse\configuration\org.eclipse.osgi\422\0\.cp\lib\javaagent-shaded.jar -Dfile.encoding=UTF-8 
java_command: br.com.entra21.modelo2022.principal.Main
java_class_path (initial): C:\Users\filip\OneDrive\Área de Trabalho\PROWAY\ProjetoAula\CrudConsoleJava\bin
Launcher Type: SUN_STANDARD

[Global flags]
     intx CICompilerCount                          = 4                                         {product} {ergonomic}
     uint ConcGCThreads                            = 3                                         {product} {ergonomic}
     uint G1ConcRefinementThreads                  = 10                                        {product} {ergonomic}
   size_t G1HeapRegionSize                         = 2097152                                   {product} {ergonomic}
    uintx GCDrainStackTargetSize                   = 64                                        {product} {ergonomic}
   size_t InitialHeapSize                          = 268435456                                 {product} {ergonomic}
   size_t MarkStackSize                            = 4194304                                   {product} {ergonomic}
   size_t MaxHeapSize                              = 4278190080                                {product} {ergonomic}
   size_t MaxNewSize                               = 2566914048                                {product} {ergonomic}
   size_t MinHeapDeltaBytes                        = 2097152                                   {product} {ergonomic}
   size_t MinHeapSize                              = 8388608                                   {product} {ergonomic}
    uintx NonNMethodCodeHeapSize                   = 5839372                                {pd product} {ergonomic}
    uintx NonProfiledCodeHeapSize                  = 122909434                              {pd product} {ergonomic}
    uintx ProfiledCodeHeapSize                     = 122909434                              {pd product} {ergonomic}
    uintx ReservedCodeCacheSize                    = 251658240                              {pd product} {ergonomic}
     bool SegmentedCodeCache                       = true                                      {product} {ergonomic}
     bool ShowCodeDetailsInExceptionMessages       = true                                   {manageable} {command line}
   size_t SoftMaxHeapSize                          = 4278190080                             {manageable} {ergonomic}
     bool UseCompressedClassPointers               = true                           {product lp64_product} {ergonomic}
     bool UseCompressedOops                        = true                           {product lp64_product} {ergonomic}
     bool UseG1GC                                  = true                                      {product} {ergonomic}
     bool UseLargePagesIndividualAllocation        = false                                  {pd product} {ergonomic}

Logging:
Log output configuration:
 #0: stdout all=warning uptime,level,tags foldmultilines=false
 #1: stderr all=off uptime,level,tags foldmultilines=false

Environment Variables:
PATH=C:/Program Files/Java/jdk-18.0.1/bin/server;C:/Program Files/Java/jdk-18.0.1/bin;C:\Python310\Scripts\;C:\Python310\;C:\Program Files (x86)\Common Files\Oracle\Java\javapath;C:\Program Files\Common Files\Oracle\Java\javapath;C:\WINDOWS\system32;C:\WINDOWS;C:\WINDOWS\System32\Wbem;C:\WINDOWS\System32\WindowsPowerShell\v1.0\;C:\WINDOWS\System32\OpenSSH\;C:\Program Files (x86)\NVIDIA Corporation\PhysX\Common;C:\Program Files\NVIDIA Corporation\NVIDIA NvDLISR;C:\Program Files\Git\cmd;C:\ProgramData\UNIVALI\Portugol Studio;C:\Program Files\nodejs\;C:\ProgramData\chocolatey\bin;C:\Program Files\MySQL\MySQL Shell 8.0\bin\;C:\Users\filip\AppData\Local\Microsoft\WindowsApps;;C:\Users\filip\AppData\Local\Programs\Microsoft VS Code\bin;C:\Users\filip\AppData\Roaming\npm;C:\WINDOWS\system32;
USERNAME=filip
OS=Windows_NT
PROCESSOR_IDENTIFIER=AMD64 Family 23 Model 113 Stepping 0, AuthenticAMD



---------------  S Y S T E M  ---------------

OS:
 Windows 10 , 64 bit Build 19041 (10.0.19041.1741)
OS uptime: 0 days 13:31 hours

CPU: total 12 (initial active 12) (12 cores per cpu, 2 threads per core) family 23 model 113 stepping 0 microcode 0x0, cx8, cmov, fxsr, ht, mmx, 3dnowpref, sse, sse2, sse3, ssse3, sse4a, sse4.1, sse4.2, popcnt, lzcnt, tsc, tscinvbit, avx, avx2, aes, clmul, bmi1, bmi2, adx, sha, fma, vzeroupper, clflush, clflushopt

Memory: 4k page, system-wide physical 16315M (8197M free)
TotalPageFile size 26347M (AvailPageFile size 3480M)
current process WorkingSet (physical memory assigned to process): 48M, peak: 50M
current process commit charge ("private bytes"): 351M, peak: 355M

vm_info: Java HotSpot(TM) 64-Bit Server VM (18.0.1+10-24) for windows-amd64 JRE (18.0.1+10-24), built on Mar  9 2022 22:41:56 by "mach5one" with MS VC++ 16.8 / 16.9 (VS2019)

END.
